TN:
SF:01-requestcount.js
FNF:0
FNH:0
DA:1,1
DA:2,1
DA:3,1
DA:4,1
DA:5,1
DA:6,1
DA:7,1
DA:8,1
DA:9,1
DA:10,1
DA:11,1
DA:12,1
DA:13,1
DA:14,1
DA:15,1
DA:16,1
DA:17,0
DA:18,1
DA:19,1
DA:20,1
DA:21,0
DA:22,1
DA:23,1
DA:24,1
DA:25,1
DA:26,1
DA:27,1
DA:28,1
LF:28
LH:26
BRDA:12,0,0,1
BRDA:24,1,0,1
BRF:2
BRH:2
end_of_record
TN:
SF:02-ratelimitter.js
FNF:0
FNH:0
DA:1,1
DA:2,1
DA:3,1
DA:4,1
DA:5,1
DA:6,1
DA:7,1
DA:8,1
DA:9,1
DA:10,1
DA:11,1
DA:12,1
DA:13,1
DA:14,1
DA:15,1
DA:16,2
DA:17,1
DA:18,1
DA:19,13
DA:20,13
DA:21,2
DA:22,13
DA:23,11
DA:24,11
DA:25,13
DA:26,7
DA:27,7
DA:28,13
DA:29,6
DA:30,6
DA:31,1
DA:32,1
DA:33,6
DA:34,1
DA:35,1
DA:36,1
DA:37,0
DA:38,1
DA:39,1
DA:40,1
LF:40
LH:39
BRDA:15,0,0,2
BRDA:18,1,0,13
BRDA:20,2,0,2
BRDA:22,3,0,11
BRDA:25,4,0,7
BRDA:28,5,0,6
BRDA:32,6,0,6
BRF:7
BRH:7
end_of_record
TN:
SF:03-errorcount.js
FNF:0
FNH:0
DA:1,1
DA:2,1
DA:3,1
DA:4,1
DA:5,1
DA:6,1
DA:7,1
DA:8,1
DA:9,1
DA:10,1
DA:11,1
DA:12,1
DA:13,1
DA:14,1
DA:15,1
DA:16,14
DA:17,1
DA:18,1
DA:19,1
DA:20,13
DA:21,13
DA:22,3
DA:23,13
DA:24,10
DA:25,10
DA:26,13
DA:27,6
DA:28,6
DA:29,13
DA:30,7
DA:31,7
DA:32,1
DA:33,1
DA:34,1
DA:35,6
DA:36,1
DA:37,1
DA:38,1
DA:39,0
DA:40,1
DA:41,1
DA:42,1
LF:42
LH:41
BRDA:15,0,0,14
BRDA:19,1,0,13
BRDA:21,2,0,3
BRDA:23,3,0,10
BRDA:26,4,0,6
BRDA:29,5,0,7
BRDA:34,6,0,6
BRF:7
BRH:7
end_of_record
